[LOG] System::create                           : Header version = 2.00.06. Current version = 2.00.06.
[LOG] Manager::init                            : maxchannels = 256 studioflags = 00000006 flags 00000000 extradriverdata 0000000000000000.
[LOG] SystemI::init                            : Initialize version=20006 (106220), maxchannels=256, flags=0x00020000
[LOG] SystemI::setOutputInternal               : Setting output to 'FMOD WASAPI Output'
[LOG] OutputWASAPI::init                       : Mix Format (WAVEFORMATEX): wFormatTag=0xFFFE, nChannels=2, nSamplesPerSec=48000, nAvgBytesPerSec=384000, nBlockAlign=8, wBitsPerSample=32, cbSize=22.
[LOG] OutputWASAPI::init                       : Mix Format (WAVEFORMATEXTENSIBLE): wValidBitsPerSample=32, dwChannelMask=0x00000003, SubFormat=00000003-0000-0010-8000-00AA00389B71.
[LOG] OutputWASAPI::init                       : Output buffer size: 4096 samples, latency: 0.00ms, period: 10.00ms, DSP buffer: 1024 * 4
[LOG] Thread::initThread                       : Init FMOD stream thread. Priority: 2, Stack Size: 98304, Semaphore: No, Sleep Time: 10, Looping: Yes.
[LOG] Thread::initThread                       : Init FMOD mixer thread. Priority: 3, Stack Size: 81920, Semaphore: No, Sleep Time: 0, Looping: Yes.
[LOG] AsyncManager::init                       : manager 000001A2DE5B2408 isAsync 0 updatePeriod 0.02
[LOG] AsyncManager::init                       : done
[LOG] PlaybackSystem::init                     : 
[LOG] Thread::initThread                       : Init FMOD Studio sample load thread. Priority: 0, Stack Size: 98304, Semaphore: No, Sleep Time: 1, Looping: No.
[LOG] PlaybackSystem::init                     : done
[LOG] Thread::initThread                       : Init FMOD Studio bank load thread. Priority: 0, Stack Size: 98304, Semaphore: No, Sleep Time: 1, Looping: No.
[LOG] Manager::init                            : done.
[LOG] Manager::readBank                        : fileversion = 123, compatVersion = 119 (oldest = 44, newest = 123)
[LOG] PlaybackSystem::acquireMasterBus         : Setting master channel group format to 6
[LOG] SystemI::createSoundInternal             : Create name='', mode=0x02000202
[LOG] SystemI::createSoundInternal             : exinfo->cbsize             = 224
[LOG] SystemI::createSoundInternal             : exinfo->length             = 5691040
[LOG] SystemI::createSoundInternal             : exinfo->fileoffset         = 41792
[LOG] SystemI::createSoundInternal             : exinfo->numsubsounds       = 1
[LOG] SystemI::createSoundInternal             : exinfo->inclusionlist      = 00000023CB45F30C
[LOG] SystemI::createSoundInternal             : exinfo->inclusionlistnum   = 1
[LOG] SystemI::createSoundInternal             : exinfo->suggestedsoundtype = 5
[LOG] SystemI::createSoundInternal             : exinfo->useropen           = 00007FF8B53180A0
[LOG] SystemI::createSoundInternal             : exinfo->userclose          = 00007FF8B5318070
[LOG] SystemI::createSoundInternal             : exinfo->userread           = 00007FF8B5318170
[LOG] SystemI::createSoundInternal             : exinfo->userseek           = 00007FF8B5318230
[LOG] SystemI::createSoundInternal             : exinfo->fileuserdata       = 000001A31F5090F8
[LOG] SystemI::createSoundInternal             : exinfo->initialseekpostype = 1
[LOG] SystemI::DSPCodecPoolRegister            : register codec pool for pool type 5
[LOG] SystemI::createSoundInternal             : Sample 0/1: name='squirrel_climb3', format=2, channels=2, frequency=48000, lengthbytes=2272, lengthpcm=11555, pcmblocksize=0, loopstart=0, loopend=0, mode=0x00000000, channelmask=0x00000000, channelorder=0, peakvolume=0.108159.
[LOG] SystemI::createSoundInternal             : Create name='', mode=0x02000202
[LOG] SystemI::createSoundInternal             : exinfo->cbsize             = 224
[LOG] SystemI::createSoundInternal             : exinfo->length             = 5691040
[LOG] SystemI::createSoundInternal             : exinfo->fileoffset         = 41792
[LOG] SystemI::createSoundInternal             : exinfo->numsubsounds       = 1
[LOG] SystemI::createSoundInternal             : exinfo->inclusionlist      = 00000023CB45F30C
[LOG] SystemI::createSoundInternal             : exinfo->inclusionlistnum   = 1
[LOG] SystemI::createSoundInternal             : exinfo->suggestedsoundtype = 5
[LOG] SystemI::createSoundInternal             : exinfo->useropen           = 00007FF8B53180A0
[LOG] SystemI::createSoundInternal             : exinfo->userclose          = 00007FF8B5318070
[LOG] SystemI::createSoundInternal             : exinfo->userread           = 00007FF8B5318170
[LOG] SystemI::createSoundInternal             : exinfo->userseek           = 00007FF8B5318230
[LOG] SystemI::createSoundInternal             : exinfo->fileuserdata       = 000001A31F5090F8
[LOG] SystemI::createSoundInternal             : exinfo->initialseekpostype = 1
[LOG] SystemI::DSPCodecPoolRegister            : register codec pool for pool type 5
[LOG] SystemI::createSoundInternal             : Sample 0/1: name='squirrel_climb2', format=2, channels=2, frequency=48000, lengthbytes=2208, lengthpcm=10274, pcmblocksize=0, loopstart=0, loopend=0, mode=0x00000000, channelmask=0x00000000, channelorder=0, peakvolume=0.100252.
[LOG] SystemI::createSoundInternal             : Create name='', mode=0x02000202
[LOG] SystemI::createSoundInternal             : exinfo->cbsize             = 224
[LOG] SystemI::createSoundInternal             : exinfo->length             = 5691040
[LOG] SystemI::createSoundInternal             : exinfo->fileoffset         = 41792
[LOG] SystemI::createSoundInternal             : exinfo->numsubsounds       = 1
[LOG] SystemI::createSoundInternal             : exinfo->inclusionlist      = 00000023CB45F30C
[LOG] SystemI::createSoundInternal             : exinfo->inclusionlistnum   = 1
[LOG] SystemI::createSoundInternal             : exinfo->suggestedsoundtype = 5
[LOG] SystemI::createSoundInternal             : exinfo->useropen           = 00007FF8B53180A0
[LOG] SystemI::createSoundInternal             : exinfo->userclose          = 00007FF8B5318070
[LOG] SystemI::createSoundInternal             : exinfo->userread           = 00007FF8B5318170
[LOG] SystemI::createSoundInternal             : exinfo->userseek           = 00007FF8B5318230
[LOG] SystemI::createSoundInternal             : exinfo->fileuserdata       = 000001A31F5090F8
[LOG] SystemI::createSoundInternal             : exinfo->initialseekpostype = 1
[LOG] SystemI::DSPCodecPoolRegister            : register codec pool for pool type 5
[LOG] SystemI::createSoundInternal             : Sample 0/1: name='squirrel_climb1', format=2, channels=2, frequency=48000, lengthbytes=2976, lengthpcm=11662, pcmblocksize=0, loopstart=0, loopend=0, mode=0x00000000, channelmask=0x00000000, channelorder=0, peakvolume=0.074839.
[LOG] SystemI::createSoundInternal             : Create name='', mode=0x02000202
[LOG] SystemI::createSoundInternal             : exinfo->cbsize             = 224
[LOG] SystemI::createSoundInternal             : exinfo->length             = 5691040
[LOG] SystemI::createSoundInternal             : exinfo->fileoffset         = 41792
[LOG] SystemI::createSoundInternal             : exinfo->numsubsounds       = 1
[LOG] SystemI::createSoundInternal             : exinfo->inclusionlist      = 00000023CB45F30C
[LOG] SystemI::createSoundInternal             : exinfo->inclusionlistnum   = 1
[LOG] SystemI::createSoundInternal             : exinfo->suggestedsoundtype = 5
[LOG] SystemI::createSoundInternal             : exinfo->useropen           = 00007FF8B53180A0
[LOG] SystemI::createSoundInternal             : exinfo->userclose          = 00007FF8B5318070
[LOG] SystemI::createSoundInternal             : exinfo->userread           = 00007FF8B5318170
[LOG] SystemI::createSoundInternal             : exinfo->userseek           = 00007FF8B5318230
[LOG] SystemI::createSoundInternal             : exinfo->fileuserdata       = 000001A31F5090F8
[LOG] SystemI::createSoundInternal             : exinfo->initialseekpostype = 1
[LOG] SystemI::DSPCodecPoolRegister            : register codec pool for pool type 5
[LOG] SystemI::createSoundInternal             : Sample 0/1: name='squirrel_climb4', format=2, channels=2, frequency=48000, lengthbytes=2144, lengthpcm=9519, pcmblocksize=0, loopstart=0, loopend=0, mode=0x00000000, channelmask=0x00000000, channelorder=0, peakvolume=0.056909.
[LOG] SoundI::release                          :  (000001A2B73B8E78)
[LOG] SoundI::release                          :     squirrel_climb1 (000001A2BAE1DC58)
[LOG] SoundI::release                          :  (000001A2B73B9B68)
[LOG] SoundI::release                          :     squirrel_climb2 (000001A2BAE1A518)
[LOG] SoundI::release                          :  (000001A2B73B85D8)
[LOG] SoundI::release                          :     squirrel_climb3 (000001A2BAE1CDB8)
[LOG] SoundI::release                          :  (000001A2B73B9438)
[LOG] SoundI::release                          :     squirrel_climb4 (000001A2BAE19198)
[LOG] Manager::readBank                        : fileversion = 123, compatVersion = 119 (oldest = 44, newest = 123)
[LOG] PlaybackSystem::acquireMasterBus         : Setting master channel group format to 6
[LOG] SystemI::createSoundInternal             : Create name='', mode=0x02000202
[LOG] SystemI::createSoundInternal             : exinfo->cbsize             = 224
[LOG] SystemI::createSoundInternal             : exinfo->length             = 5691040
[LOG] SystemI::createSoundInternal             : exinfo->fileoffset         = 41792
[LOG] SystemI::createSoundInternal             : exinfo->numsubsounds       = 1
[LOG] SystemI::createSoundInternal             : exinfo->inclusionlist      = 00000023CB45F30C
[LOG] SystemI::createSoundInternal             : exinfo->inclusionlistnum   = 1
[LOG] SystemI::createSoundInternal             : exinfo->suggestedsoundtype = 5
[LOG] SystemI::createSoundInternal             : exinfo->useropen           = 00007FF8B53180A0
[LOG] SystemI::createSoundInternal             : exinfo->userclose          = 00007FF8B5318070
[LOG] SystemI::createSoundInternal             : exinfo->userread           = 00007FF8B5318170
[LOG] SystemI::createSoundInternal             : exinfo->userseek           = 00007FF8B5318230
[LOG] SystemI::createSoundInternal             : exinfo->fileuserdata       = 000001A31F5090F8
[LOG] SystemI::createSoundInternal             : exinfo->initialseekpostype = 1
[LOG] SystemI::DSPCodecPoolRegister            : register codec pool for pool type 5
[LOG] SystemI::createSoundInternal             : Sample 0/1: name='squirrel_climb3', format=2, channels=2, frequency=48000, lengthbytes=2272, lengthpcm=11555, pcmblocksize=0, loopstart=0, loopend=0, mode=0x00000000, channelmask=0x00000000, channelorder=0, peakvolume=0.108159.
[LOG] SystemI::createSoundInternal             : Create name='', mode=0x02000202
[LOG] SystemI::createSoundInternal             : exinfo->cbsize             = 224
[LOG] SystemI::createSoundInternal             : exinfo->length             = 5691040
[LOG] SystemI::createSoundInternal             : exinfo->fileoffset         = 41792
[LOG] SystemI::createSoundInternal             : exinfo->numsubsounds       = 1
[LOG] SystemI::createSoundInternal             : exinfo->inclusionlist      = 00000023CB45F30C
[LOG] SystemI::createSoundInternal             : exinfo->inclusionlistnum   = 1
[LOG] SystemI::createSoundInternal             : exinfo->suggestedsoundtype = 5
[LOG] SystemI::createSoundInternal             : exinfo->useropen           = 00007FF8B53180A0
[LOG] SystemI::createSoundInternal             : exinfo->userclose          = 00007FF8B5318070
[LOG] SystemI::createSoundInternal             : exinfo->userread           = 00007FF8B5318170
[LOG] SystemI::createSoundInternal             : exinfo->userseek           = 00007FF8B5318230
[LOG] SystemI::createSoundInternal             : exinfo->fileuserdata       = 000001A31F5090F8
[LOG] SystemI::createSoundInternal             : exinfo->initialseekpostype = 1
[LOG] SystemI::DSPCodecPoolRegister            : register codec pool for pool type 5
[LOG] SystemI::createSoundInternal             : Sample 0/1: name='squirrel_climb2', format=2, channels=2, frequency=48000, lengthbytes=2208, lengthpcm=10274, pcmblocksize=0, loopstart=0, loopend=0, mode=0x00000000, channelmask=0x00000000, channelorder=0, peakvolume=0.100252.
[LOG] SystemI::createSoundInternal             : Create name='', mode=0x02000202
[LOG] SystemI::createSoundInternal             : exinfo->cbsize             = 224
[LOG] SystemI::createSoundInternal             : exinfo->length             = 5691040
[LOG] SystemI::createSoundInternal             : exinfo->fileoffset         = 41792
[LOG] SystemI::createSoundInternal             : exinfo->numsubsounds       = 1
[LOG] SystemI::createSoundInternal             : exinfo->inclusionlist      = 00000023CB45F30C
[LOG] SystemI::createSoundInternal             : exinfo->inclusionlistnum   = 1
[LOG] SystemI::createSoundInternal             : exinfo->suggestedsoundtype = 5
[LOG] SystemI::createSoundInternal             : exinfo->useropen           = 00007FF8B53180A0
[LOG] SystemI::createSoundInternal             : exinfo->userclose          = 00007FF8B5318070
[LOG] SystemI::createSoundInternal             : exinfo->userread           = 00007FF8B5318170
[LOG] SystemI::createSoundInternal             : exinfo->userseek           = 00007FF8B5318230
[LOG] SystemI::createSoundInternal             : exinfo->fileuserdata       = 000001A31F5090F8
[LOG] SystemI::createSoundInternal             : exinfo->initialseekpostype = 1
[LOG] SystemI::DSPCodecPoolRegister            : register codec pool for pool type 5
[LOG] SystemI::createSoundInternal             : Sample 0/1: name='squirrel_climb1', format=2, channels=2, frequency=48000, lengthbytes=2976, lengthpcm=11662, pcmblocksize=0, loopstart=0, loopend=0, mode=0x00000000, channelmask=0x00000000, channelorder=0, peakvolume=0.074839.
[LOG] SystemI::createSoundInternal             : Create name='', mode=0x02000202
[LOG] SystemI::createSoundInternal             : exinfo->cbsize             = 224
[LOG] SystemI::createSoundInternal             : exinfo->length             = 5691040
[LOG] SystemI::createSoundInternal             : exinfo->fileoffset         = 41792
[LOG] SystemI::createSoundInternal             : exinfo->numsubsounds       = 1
[LOG] SystemI::createSoundInternal             : exinfo->inclusionlist      = 00000023CB45F30C
[LOG] SystemI::createSoundInternal             : exinfo->inclusionlistnum   = 1
[LOG] SystemI::createSoundInternal             : exinfo->suggestedsoundtype = 5
[LOG] SystemI::createSoundInternal             : exinfo->useropen           = 00007FF8B53180A0
[LOG] SystemI::createSoundInternal             : exinfo->userclose          = 00007FF8B5318070
[LOG] SystemI::createSoundInternal             : exinfo->userread           = 00007FF8B5318170
[LOG] SystemI::createSoundInternal             : exinfo->userseek           = 00007FF8B5318230
[LOG] SystemI::createSoundInternal             : exinfo->fileuserdata       = 000001A31F5090F8
[LOG] SystemI::createSoundInternal             : exinfo->initialseekpostype = 1
[LOG] SystemI::DSPCodecPoolRegister            : register codec pool for pool type 5
[LOG] SystemI::createSoundInternal             : Sample 0/1: name='squirrel_climb4', format=2, channels=2, frequency=48000, lengthbytes=2144, lengthpcm=9519, pcmblocksize=0, loopstart=0, loopend=0, mode=0x00000000, channelmask=0x00000000, channelorder=0, peakvolume=0.056909.
[LOG] SoundI::release                          :  (000001A2B73B85D8)
[LOG] SoundI::release                          :     squirrel_climb1 (000001A2BAE1D778)
[LOG] SoundI::release                          :  (000001A2B73B9B68)
[LOG] SoundI::release                          :     squirrel_climb2 (000001A2BAE19198)
[LOG] SoundI::release                          :  (000001A2B73BB828)
[LOG] SoundI::release                          :     squirrel_climb3 (000001A2BAE1CDB8)
[LOG] SoundI::release                          :  (000001A2B73B9CD8)
[LOG] SoundI::release                          :     squirrel_climb4 (000001A2BAE1D298)
[LOG] Manager::readBank                        : fileversion = 123, compatVersion = 119 (oldest = 44, newest = 123)
[LOG] PlaybackSystem::acquireMasterBus         : Setting master channel group format to 6
[LOG] SystemI::createSoundInternal             : Create name='', mode=0x02000202
[LOG] SystemI::createSoundInternal             : exinfo->cbsize             = 224
[LOG] SystemI::createSoundInternal             : exinfo->length             = 5691040
[LOG] SystemI::createSoundInternal             : exinfo->fileoffset         = 41792
[LOG] SystemI::createSoundInternal             : exinfo->numsubsounds       = 1
[LOG] SystemI::createSoundInternal             : exinfo->inclusionlist      = 00000023CB45F30C
[LOG] SystemI::createSoundInternal             : exinfo->inclusionlistnum   = 1
[LOG] SystemI::createSoundInternal             : exinfo->suggestedsoundtype = 5
[LOG] SystemI::createSoundInternal             : exinfo->useropen           = 00007FF8B53180A0
[LOG] SystemI::createSoundInternal             : exinfo->userclose          = 00007FF8B5318070
[LOG] SystemI::createSoundInternal             : exinfo->userread           = 00007FF8B5318170
[LOG] SystemI::createSoundInternal             : exinfo->userseek           = 00007FF8B5318230
[LOG] SystemI::createSoundInternal             : exinfo->fileuserdata       = 000001A31F508EE8
[LOG] SystemI::createSoundInternal             : exinfo->initialseekpostype = 1
[LOG] SystemI::DSPCodecPoolRegister            : register codec pool for pool type 5
[LOG] SystemI::createSoundInternal             : Sample 0/1: name='squirrel_climb3', format=2, channels=2, frequency=48000, lengthbytes=2272, lengthpcm=11555, pcmblocksize=0, loopstart=0, loopend=0, mode=0x00000000, channelmask=0x00000000, channelorder=0, peakvolume=0.108159.
[LOG] SystemI::createSoundInternal             : Create name='', mode=0x02000202
[LOG] SystemI::createSoundInternal             : exinfo->cbsize             = 224
[LOG] SystemI::createSoundInternal             : exinfo->length             = 5691040
[LOG] SystemI::createSoundInternal             : exinfo->fileoffset         = 41792
[LOG] SystemI::createSoundInternal             : exinfo->numsubsounds       = 1
[LOG] SystemI::createSoundInternal             : exinfo->inclusionlist      = 00000023CB45F30C
[LOG] SystemI::createSoundInternal             : exinfo->inclusionlistnum   = 1
[LOG] SystemI::createSoundInternal             : exinfo->suggestedsoundtype = 5
[LOG] SystemI::createSoundInternal             : exinfo->useropen           = 00007FF8B53180A0
[LOG] SystemI::createSoundInternal             : exinfo->userclose          = 00007FF8B5318070
[LOG] SystemI::createSoundInternal             : exinfo->userread           = 00007FF8B5318170
[LOG] SystemI::createSoundInternal             : exinfo->userseek           = 00007FF8B5318230
[LOG] SystemI::createSoundInternal             : exinfo->fileuserdata       = 000001A31F508EE8
[LOG] SystemI::createSoundInternal             : exinfo->initialseekpostype = 1
[LOG] SystemI::DSPCodecPoolRegister            : register codec pool for pool type 5
[LOG] SystemI::createSoundInternal             : Sample 0/1: name='squirrel_climb2', format=2, channels=2, frequency=48000, lengthbytes=2208, lengthpcm=10274, pcmblocksize=0, loopstart=0, loopend=0, mode=0x00000000, channelmask=0x00000000, channelorder=0, peakvolume=0.100252.
[LOG] SystemI::createSoundInternal             : Create name='', mode=0x02000202
[LOG] SystemI::createSoundInternal             : exinfo->cbsize             = 224
[LOG] SystemI::createSoundInternal             : exinfo->length             = 5691040
[LOG] SystemI::createSoundInternal             : exinfo->fileoffset         = 41792
[LOG] SystemI::createSoundInternal             : exinfo->numsubsounds       = 1
[LOG] SystemI::createSoundInternal             : exinfo->inclusionlist      = 00000023CB45F30C
[LOG] SystemI::createSoundInternal             : exinfo->inclusionlistnum   = 1
[LOG] SystemI::createSoundInternal             : exinfo->suggestedsoundtype = 5
[LOG] SystemI::createSoundInternal             : exinfo->useropen           = 00007FF8B53180A0
[LOG] SystemI::createSoundInternal             : exinfo->userclose          = 00007FF8B5318070
[LOG] SystemI::createSoundInternal             : exinfo->userread           = 00007FF8B5318170
[LOG] SystemI::createSoundInternal             : exinfo->userseek           = 00007FF8B5318230
[LOG] SystemI::createSoundInternal             : exinfo->fileuserdata       = 000001A31F508EE8
[LOG] SystemI::createSoundInternal             : exinfo->initialseekpostype = 1
[LOG] SystemI::DSPCodecPoolRegister            : register codec pool for pool type 5
[LOG] SystemI::createSoundInternal             : Sample 0/1: name='squirrel_climb1', format=2, channels=2, frequency=48000, lengthbytes=2976, lengthpcm=11662, pcmblocksize=0, loopstart=0, loopend=0, mode=0x00000000, channelmask=0x00000000, channelorder=0, peakvolume=0.074839.
[LOG] SystemI::createSoundInternal             : Create name='', mode=0x02000202
[LOG] SystemI::createSoundInternal             : exinfo->cbsize             = 224
[LOG] SystemI::createSoundInternal             : exinfo->length             = 5691040
[LOG] SystemI::createSoundInternal             : exinfo->fileoffset         = 41792
[LOG] SystemI::createSoundInternal             : exinfo->numsubsounds       = 1
[LOG] SystemI::createSoundInternal             : exinfo->inclusionlist      = 00000023CB45F30C
[LOG] SystemI::createSoundInternal             : exinfo->inclusionlistnum   = 1
[LOG] SystemI::createSoundInternal             : exinfo->suggestedsoundtype = 5
[LOG] SystemI::createSoundInternal             : exinfo->useropen           = 00007FF8B53180A0
[LOG] SystemI::createSoundInternal             : exinfo->userclose          = 00007FF8B5318070
[LOG] SystemI::createSoundInternal             : exinfo->userread           = 00007FF8B5318170
[LOG] SystemI::createSoundInternal             : exinfo->userseek           = 00007FF8B5318230
[LOG] SystemI::createSoundInternal             : exinfo->fileuserdata       = 000001A31F508EE8
[LOG] SystemI::createSoundInternal             : exinfo->initialseekpostype = 1
[LOG] SystemI::DSPCodecPoolRegister            : register codec pool for pool type 5
[LOG] SystemI::createSoundInternal             : Sample 0/1: name='squirrel_climb4', format=2, channels=2, frequency=48000, lengthbytes=2144, lengthpcm=9519, pcmblocksize=0, loopstart=0, loopend=0, mode=0x00000000, channelmask=0x00000000, channelorder=0, peakvolume=0.056909.
[LOG] SoundI::release                          :  (000001A2B73BB828)
[LOG] SoundI::release                          :     squirrel_climb1 (000001A2BAE1D298)
[LOG] SoundI::release                          :  (000001A2B73B8E78)
[LOG] SoundI::release                          :     squirrel_climb2 (000001A2BAE1CDB8)
[LOG] SoundI::release                          :  (000001A2B73B85D8)
[LOG] SoundI::release                          :     squirrel_climb3 (000001A2BAE19198)
[LOG] SoundI::release                          :  (000001A2B73B9438)
[LOG] SoundI::release                          :     squirrel_climb4 (000001A2BAE1D438)
[LOG] Manager::readBank                        : fileversion = 123, compatVersion = 119 (oldest = 44, newest = 123)
[LOG] PlaybackSystem::acquireMasterBus         : Setting master channel group format to 6
[LOG] SystemI::createSoundInternal             : Create name='', mode=0x02000202
[LOG] SystemI::createSoundInternal             : exinfo->cbsize             = 224
[LOG] SystemI::createSoundInternal             : exinfo->length             = 5691040
[LOG] SystemI::createSoundInternal             : exinfo->fileoffset         = 41792
[LOG] SystemI::createSoundInternal             : exinfo->numsubsounds       = 1
[LOG] SystemI::createSoundInternal             : exinfo->inclusionlist      = 00000023CB45F30C
[LOG] SystemI::createSoundInternal             : exinfo->inclusionlistnum   = 1
[LOG] SystemI::createSoundInternal             : exinfo->suggestedsoundtype = 5
[LOG] SystemI::createSoundInternal             : exinfo->useropen           = 00007FF8B53180A0
[LOG] SystemI::createSoundInternal             : exinfo->userclose          = 00007FF8B5318070
[LOG] SystemI::createSoundInternal             : exinfo->userread           = 00007FF8B5318170
[LOG] SystemI::createSoundInternal             : exinfo->userseek           = 00007FF8B5318230
[LOG] SystemI::createSoundInternal             : exinfo->fileuserdata       = 000001A31F5090F8
[LOG] SystemI::createSoundInternal             : exinfo->initialseekpostype = 1
[LOG] SystemI::DSPCodecPoolRegister            : register codec pool for pool type 5
[LOG] SystemI::createSoundInternal             : Sample 0/1: name='squirrel_climb3', format=2, channels=2, frequency=48000, lengthbytes=2272, lengthpcm=11555, pcmblocksize=0, loopstart=0, loopend=0, mode=0x00000000, channelmask=0x00000000, channelorder=0, peakvolume=0.108159.
[LOG] SystemI::createSoundInternal             : Create name='', mode=0x02000202
[LOG] SystemI::createSoundInternal             : exinfo->cbsize             = 224
[LOG] SystemI::createSoundInternal             : exinfo->length             = 5691040
[LOG] SystemI::createSoundInternal             : exinfo->fileoffset         = 41792
[LOG] SystemI::createSoundInternal             : exinfo->numsubsounds       = 1
[LOG] SystemI::createSoundInternal             : exinfo->inclusionlist      = 00000023CB45F30C
[LOG] SystemI::createSoundInternal             : exinfo->inclusionlistnum   = 1
[LOG] SystemI::createSoundInternal             : exinfo->suggestedsoundtype = 5
[LOG] SystemI::createSoundInternal             : exinfo->useropen           = 00007FF8B53180A0
[LOG] SystemI::createSoundInternal             : exinfo->userclose          = 00007FF8B5318070
[LOG] SystemI::createSoundInternal             : exinfo->userread           = 00007FF8B5318170
[LOG] SystemI::createSoundInternal             : exinfo->userseek           = 00007FF8B5318230
[LOG] SystemI::createSoundInternal             : exinfo->fileuserdata       = 000001A31F5090F8
[LOG] SystemI::createSoundInternal             : exinfo->initialseekpostype = 1
[LOG] SystemI::DSPCodecPoolRegister            : register codec pool for pool type 5
[LOG] SystemI::createSoundInternal             : Sample 0/1: name='squirrel_climb2', format=2, channels=2, frequency=48000, lengthbytes=2208, lengthpcm=10274, pcmblocksize=0, loopstart=0, loopend=0, mode=0x00000000, channelmask=0x00000000, channelorder=0, peakvolume=0.100252.
[LOG] SystemI::createSoundInternal             : Create name='', mode=0x02000202
[LOG] SystemI::createSoundInternal             : exinfo->cbsize             = 224
[LOG] SystemI::createSoundInternal             : exinfo->length             = 5691040
[LOG] SystemI::createSoundInternal             : exinfo->fileoffset         = 41792
[LOG] SystemI::createSoundInternal             : exinfo->numsubsounds       = 1
[LOG] SystemI::createSoundInternal             : exinfo->inclusionlist      = 00000023CB45F30C
[LOG] SystemI::createSoundInternal             : exinfo->inclusionlistnum   = 1
[LOG] SystemI::createSoundInternal             : exinfo->suggestedsoundtype = 5
[LOG] SystemI::createSoundInternal             : exinfo->useropen           = 00007FF8B53180A0
[LOG] SystemI::createSoundInternal             : exinfo->userclose          = 00007FF8B5318070
[LOG] SystemI::createSoundInternal             : exinfo->userread           = 00007FF8B5318170
[LOG] SystemI::createSoundInternal             : exinfo->userseek           = 00007FF8B5318230
[LOG] SystemI::createSoundInternal             : exinfo->fileuserdata       = 000001A31F5090F8
[LOG] SystemI::createSoundInternal             : exinfo->initialseekpostype = 1
[LOG] SystemI::DSPCodecPoolRegister            : register codec pool for pool type 5
[LOG] SystemI::createSoundInternal             : Sample 0/1: name='squirrel_climb1', format=2, channels=2, frequency=48000, lengthbytes=2976, lengthpcm=11662, pcmblocksize=0, loopstart=0, loopend=0, mode=0x00000000, channelmask=0x00000000, channelorder=0, peakvolume=0.074839.
[LOG] SystemI::createSoundInternal             : Create name='', mode=0x02000202
[LOG] SystemI::createSoundInternal             : exinfo->cbsize             = 224
[LOG] SystemI::createSoundInternal             : exinfo->length             = 5691040
[LOG] SystemI::createSoundInternal             : exinfo->fileoffset         = 41792
[LOG] SystemI::createSoundInternal             : exinfo->numsubsounds       = 1
[LOG] SystemI::createSoundInternal             : exinfo->inclusionlist      = 00000023CB45F30C
[LOG] SystemI::createSoundInternal             : exinfo->inclusionlistnum   = 1
[LOG] SystemI::createSoundInternal             : exinfo->suggestedsoundtype = 5
[LOG] SystemI::createSoundInternal             : exinfo->useropen           = 00007FF8B53180A0
[LOG] SystemI::createSoundInternal             : exinfo->userclose          = 00007FF8B5318070
[LOG] SystemI::createSoundInternal             : exinfo->userread           = 00007FF8B5318170
[LOG] SystemI::createSoundInternal             : exinfo->userseek           = 00007FF8B5318230
[LOG] SystemI::createSoundInternal             : exinfo->fileuserdata       = 000001A31F5090F8
[LOG] SystemI::createSoundInternal             : exinfo->initialseekpostype = 1
[LOG] SystemI::DSPCodecPoolRegister            : register codec pool for pool type 5
[LOG] SystemI::createSoundInternal             : Sample 0/1: name='squirrel_climb4', format=2, channels=2, frequency=48000, lengthbytes=2144, lengthpcm=9519, pcmblocksize=0, loopstart=0, loopend=0, mode=0x00000000, channelmask=0x00000000, channelorder=0, peakvolume=0.056909.
[LOG] SoundI::release                          :  (000001A2B73B9438)
[LOG] SoundI::release                          :     squirrel_climb1 (000001A2BAE19198)
[LOG] SoundI::release                          :  (000001A2B73B9B68)
[LOG] SoundI::release                          :     squirrel_climb2 (000001A2BAE1D298)
[LOG] SoundI::release                          :  (000001A2B73B85D8)
[LOG] SoundI::release                          :     squirrel_climb3 (000001A2BAE1CDB8)
[LOG] SoundI::release                          :  (000001A2B73B8E78)
[LOG] SoundI::release                          :     squirrel_climb4 (000001A2BAE17938)
[LOG] Manager::readBank                        : fileversion = 123, compatVersion = 119 (oldest = 44, newest = 123)
[LOG] PlaybackSystem::acquireMasterBus         : Setting master channel group format to 6
[LOG] SystemI::createSoundInternal             : Create name='', mode=0x02000202
[LOG] SystemI::createSoundInternal             : exinfo->cbsize             = 224
[LOG] SystemI::createSoundInternal             : exinfo->length             = 5691040
[LOG] SystemI::createSoundInternal             : exinfo->fileoffset         = 41792
[LOG] SystemI::createSoundInternal             : exinfo->numsubsounds       = 1
[LOG] SystemI::createSoundInternal             : exinfo->inclusionlist      = 00000023CB45F30C
[LOG] SystemI::createSoundInternal             : exinfo->inclusionlistnum   = 1
[LOG] SystemI::createSoundInternal             : exinfo->suggestedsoundtype = 5
[LOG] SystemI::createSoundInternal             : exinfo->useropen           = 00007FF8B53180A0
[LOG] SystemI::createSoundInternal             : exinfo->userclose          = 00007FF8B5318070
[LOG] SystemI::createSoundInternal             : exinfo->userread           = 00007FF8B5318170
[LOG] SystemI::createSoundInternal             : exinfo->userseek           = 00007FF8B5318230
[LOG] SystemI::createSoundInternal             : exinfo->fileuserdata       = 000001A31F509B48
[LOG] SystemI::createSoundInternal             : exinfo->initialseekpostype = 1
[LOG] SystemI::DSPCodecPoolRegister            : register codec pool for pool type 5
[LOG] SystemI::createSoundInternal             : Sample 0/1: name='squirrel_climb3', format=2, channels=2, frequency=48000, lengthbytes=2272, lengthpcm=11555, pcmblocksize=0, loopstart=0, loopend=0, mode=0x00000000, channelmask=0x00000000, channelorder=0, peakvolume=0.108159.
[LOG] SystemI::createSoundInternal             : Create name='', mode=0x02000202
[LOG] SystemI::createSoundInternal             : exinfo->cbsize             = 224
[LOG] SystemI::createSoundInternal             : exinfo->length             = 5691040
[LOG] SystemI::createSoundInternal             : exinfo->fileoffset         = 41792
[LOG] SystemI::createSoundInternal             : exinfo->numsubsounds       = 1
[LOG] SystemI::createSoundInternal             : exinfo->inclusionlist      = 00000023CB45F30C
[LOG] SystemI::createSoundInternal             : exinfo->inclusionlistnum   = 1
[LOG] SystemI::createSoundInternal             : exinfo->suggestedsoundtype = 5
[LOG] SystemI::createSoundInternal             : exinfo->useropen           = 00007FF8B53180A0
[LOG] SystemI::createSoundInternal             : exinfo->userclose          = 00007FF8B5318070
[LOG] SystemI::createSoundInternal             : exinfo->userread           = 00007FF8B5318170
[LOG] SystemI::createSoundInternal             : exinfo->userseek           = 00007FF8B5318230
[LOG] SystemI::createSoundInternal             : exinfo->fileuserdata       = 000001A31F509B48
[LOG] SystemI::createSoundInternal             : exinfo->initialseekpostype = 1
[LOG] SystemI::DSPCodecPoolRegister            : register codec pool for pool type 5
[LOG] SystemI::createSoundInternal             : Sample 0/1: name='squirrel_climb2', format=2, channels=2, frequency=48000, lengthbytes=2208, lengthpcm=10274, pcmblocksize=0, loopstart=0, loopend=0, mode=0x00000000, channelmask=0x00000000, channelorder=0, peakvolume=0.100252.
[LOG] SystemI::createSoundInternal             : Create name='', mode=0x02000202
[LOG] SystemI::createSoundInternal             : exinfo->cbsize             = 224
[LOG] SystemI::createSoundInternal             : exinfo->length             = 5691040
[LOG] SystemI::createSoundInternal             : exinfo->fileoffset         = 41792
[LOG] SystemI::createSoundInternal             : exinfo->numsubsounds       = 1
[LOG] SystemI::createSoundInternal             : exinfo->inclusionlist      = 00000023CB45F30C
[LOG] SystemI::createSoundInternal             : exinfo->inclusionlistnum   = 1
[LOG] SystemI::createSoundInternal             : exinfo->suggestedsoundtype = 5
[LOG] SystemI::createSoundInternal             : exinfo->useropen           = 00007FF8B53180A0
[LOG] SystemI::createSoundInternal             : exinfo->userclose          = 00007FF8B5318070
[LOG] SystemI::createSoundInternal             : exinfo->userread           = 00007FF8B5318170
[LOG] SystemI::createSoundInternal             : exinfo->userseek           = 00007FF8B5318230
[LOG] SystemI::createSoundInternal             : exinfo->fileuserdata       = 000001A31F509B48
[LOG] SystemI::createSoundInternal             : exinfo->initialseekpostype = 1
[LOG] SystemI::DSPCodecPoolRegister            : register codec pool for pool type 5
[LOG] SystemI::createSoundInternal             : Sample 0/1: name='squirrel_climb1', format=2, channels=2, frequency=48000, lengthbytes=2976, lengthpcm=11662, pcmblocksize=0, loopstart=0, loopend=0, mode=0x00000000, channelmask=0x00000000, channelorder=0, peakvolume=0.074839.
[LOG] SystemI::createSoundInternal             : Create name='', mode=0x02000202
[LOG] SystemI::createSoundInternal             : exinfo->cbsize             = 224
[LOG] SystemI::createSoundInternal             : exinfo->length             = 5691040
[LOG] SystemI::createSoundInternal             : exinfo->fileoffset         = 41792
[LOG] SystemI::createSoundInternal             : exinfo->numsubsounds       = 1
[LOG] SystemI::createSoundInternal             : exinfo->inclusionlist      = 00000023CB45F30C
[LOG] SystemI::createSoundInternal             : exinfo->inclusionlistnum   = 1
[LOG] SystemI::createSoundInternal             : exinfo->suggestedsoundtype = 5
[LOG] SystemI::createSoundInternal             : exinfo->useropen           = 00007FF8B53180A0
[LOG] SystemI::createSoundInternal             : exinfo->userclose          = 00007FF8B5318070
[LOG] SystemI::createSoundInternal             : exinfo->userread           = 00007FF8B5318170
[LOG] SystemI::createSoundInternal             : exinfo->userseek           = 00007FF8B5318230
[LOG] SystemI::createSoundInternal             : exinfo->fileuserdata       = 000001A31F509B48
[LOG] SystemI::createSoundInternal             : exinfo->initialseekpostype = 1
[LOG] SystemI::DSPCodecPoolRegister            : register codec pool for pool type 5
[LOG] SystemI::createSoundInternal             : Sample 0/1: name='squirrel_climb4', format=2, channels=2, frequency=48000, lengthbytes=2144, lengthpcm=9519, pcmblocksize=0, loopstart=0, loopend=0, mode=0x00000000, channelmask=0x00000000, channelorder=0, peakvolume=0.056909.
[LOG] SoundI::release                          :  (000001A2B73B85D8)
[LOG] SoundI::release                          :     squirrel_climb1 (000001A2BAE1CDB8)
[LOG] SoundI::release                          :  (000001A2B73BB828)
[LOG] SoundI::release                          :     squirrel_climb2 (000001A2BAE19198)
[LOG] SoundI::release                          :  (000001A2B73B9438)
[LOG] SoundI::release                          :     squirrel_climb3 (000001A2BAE1D298)
[LOG] SoundI::release                          :  (000001A2B73B9B68)
[LOG] SoundI::release                          :     squirrel_climb4 (000001A2BAE1D438)
[LOG] Manager::readBank                        : fileversion = 123, compatVersion = 119 (oldest = 44, newest = 123)
[LOG] PlaybackSystem::acquireMasterBus         : Setting master channel group format to 6
[LOG] SystemI::createSoundInternal             : Create name='', mode=0x02000202
[LOG] SystemI::createSoundInternal             : exinfo->cbsize             = 224
[LOG] SystemI::createSoundInternal             : exinfo->length             = 5691040
[LOG] SystemI::createSoundInternal             : exinfo->fileoffset         = 41792
[LOG] SystemI::createSoundInternal             : exinfo->numsubsounds       = 1
[LOG] SystemI::createSoundInternal             : exinfo->inclusionlist      = 00000023CB45F30C
[LOG] SystemI::createSoundInternal             : exinfo->inclusionlistnum   = 1
[LOG] SystemI::createSoundInternal             : exinfo->suggestedsoundtype = 5
[LOG] SystemI::createSoundInternal             : exinfo->useropen           = 00007FF8B53180A0
[LOG] SystemI::createSoundInternal             : exinfo->userclose          = 00007FF8B5318070
[LOG] SystemI::createSoundInternal             : exinfo->userread           = 00007FF8B5318170
[LOG] SystemI::createSoundInternal             : exinfo->userseek           = 00007FF8B5318230
[LOG] SystemI::createSoundInternal             : exinfo->fileuserdata       = 000001A31F509518
[LOG] SystemI::createSoundInternal             : exinfo->initialseekpostype = 1
[LOG] SystemI::DSPCodecPoolRegister            : register codec pool for pool type 5
[LOG] SystemI::createSoundInternal             : Sample 0/1: name='squirrel_climb3', format=2, channels=2, frequency=48000, lengthbytes=2272, lengthpcm=11555, pcmblocksize=0, loopstart=0, loopend=0, mode=0x00000000, channelmask=0x00000000, channelorder=0, peakvolume=0.108159.
[LOG] SystemI::createSoundInternal             : Create name='', mode=0x02000202
[LOG] SystemI::createSoundInternal             : exinfo->cbsize             = 224
[LOG] SystemI::createSoundInternal             : exinfo->length             = 5691040
[LOG] SystemI::createSoundInternal             : exinfo->fileoffset         = 41792
[LOG] SystemI::createSoundInternal             : exinfo->numsubsounds       = 1
[LOG] SystemI::createSoundInternal             : exinfo->inclusionlist      = 00000023CB45F30C
[LOG] SystemI::createSoundInternal             : exinfo->inclusionlistnum   = 1
[LOG] SystemI::createSoundInternal             : exinfo->suggestedsoundtype = 5
[LOG] SystemI::createSoundInternal             : exinfo->useropen           = 00007FF8B53180A0
[LOG] SystemI::createSoundInternal             : exinfo->userclose          = 00007FF8B5318070
[LOG] SystemI::createSoundInternal             : exinfo->userread           = 00007FF8B5318170
[LOG] SystemI::createSoundInternal             : exinfo->userseek           = 00007FF8B5318230
[LOG] SystemI::createSoundInternal             : exinfo->fileuserdata       = 000001A31F509518
[LOG] SystemI::createSoundInternal             : exinfo->initialseekpostype = 1
[LOG] SystemI::DSPCodecPoolRegister            : register codec pool for pool type 5
[LOG] SystemI::createSoundInternal             : Sample 0/1: name='squirrel_climb2', format=2, channels=2, frequency=48000, lengthbytes=2208, lengthpcm=10274, pcmblocksize=0, loopstart=0, loopend=0, mode=0x00000000, channelmask=0x00000000, channelorder=0, peakvolume=0.100252.
[LOG] SystemI::createSoundInternal             : Create name='', mode=0x02000202
[LOG] SystemI::createSoundInternal             : exinfo->cbsize             = 224
[LOG] SystemI::createSoundInternal             : exinfo->length             = 5691040
[LOG] SystemI::createSoundInternal             : exinfo->fileoffset         = 41792
[LOG] SystemI::createSoundInternal             : exinfo->numsubsounds       = 1
[LOG] SystemI::createSoundInternal             : exinfo->inclusionlist      = 00000023CB45F30C
[LOG] SystemI::createSoundInternal             : exinfo->inclusionlistnum   = 1
[LOG] SystemI::createSoundInternal             : exinfo->suggestedsoundtype = 5
[LOG] SystemI::createSoundInternal             : exinfo->useropen           = 00007FF8B53180A0
[LOG] SystemI::createSoundInternal             : exinfo->userclose          = 00007FF8B5318070
[LOG] SystemI::createSoundInternal             : exinfo->userread           = 00007FF8B5318170
[LOG] SystemI::createSoundInternal             : exinfo->userseek           = 00007FF8B5318230
[LOG] SystemI::createSoundInternal             : exinfo->fileuserdata       = 000001A31F509518
[LOG] SystemI::createSoundInternal             : exinfo->initialseekpostype = 1
[LOG] SystemI::DSPCodecPoolRegister            : register codec pool for pool type 5
[LOG] SystemI::createSoundInternal             : Sample 0/1: name='squirrel_climb1', format=2, channels=2, frequency=48000, lengthbytes=2976, lengthpcm=11662, pcmblocksize=0, loopstart=0, loopend=0, mode=0x00000000, channelmask=0x00000000, channelorder=0, peakvolume=0.074839.
[LOG] SystemI::createSoundInternal             : Create name='', mode=0x02000202
[LOG] SystemI::createSoundInternal             : exinfo->cbsize             = 224
[LOG] SystemI::createSoundInternal             : exinfo->length             = 5691040
[LOG] SystemI::createSoundInternal             : exinfo->fileoffset         = 41792
[LOG] SystemI::createSoundInternal             : exinfo->numsubsounds       = 1
[LOG] SystemI::createSoundInternal             : exinfo->inclusionlist      = 00000023CB45F30C
[LOG] SystemI::createSoundInternal             : exinfo->inclusionlistnum   = 1
[LOG] SystemI::createSoundInternal             : exinfo->suggestedsoundtype = 5
[LOG] SystemI::createSoundInternal             : exinfo->useropen           = 00007FF8B53180A0
[LOG] SystemI::createSoundInternal             : exinfo->userclose          = 00007FF8B5318070
[LOG] SystemI::createSoundInternal             : exinfo->userread           = 00007FF8B5318170
[LOG] SystemI::createSoundInternal             : exinfo->userseek           = 00007FF8B5318230
[LOG] SystemI::createSoundInternal             : exinfo->fileuserdata       = 000001A31F509518
[LOG] SystemI::createSoundInternal             : exinfo->initialseekpostype = 1
[LOG] SystemI::DSPCodecPoolRegister            : register codec pool for pool type 5
[LOG] SystemI::createSoundInternal             : Sample 0/1: name='squirrel_climb4', format=2, channels=2, frequency=48000, lengthbytes=2144, lengthpcm=9519, pcmblocksize=0, loopstart=0, loopend=0, mode=0x00000000, channelmask=0x00000000, channelorder=0, peakvolume=0.056909.
[LOG] SoundI::release                          :  (000001A2B73B8E78)
[LOG] SoundI::release                          :     squirrel_climb1 (000001A2BAE19B58)
[LOG] SoundI::release                          :  (000001A2B73BB828)
[LOG] SoundI::release                          :     squirrel_climb2 (000001A2BAE19E98)
[LOG] SoundI::release                          :  (000001A2B73B85D8)
[LOG] SoundI::release                          :     squirrel_climb3 (000001A2BAE19198)
[LOG] SoundI::release                          :  (000001A2B73B9438)
[LOG] SoundI::release                          :     squirrel_climb4 (000001A2BAE1CDB8)
[LOG] Manager::readBank                        : fileversion = 123, compatVersion = 119 (oldest = 44, newest = 123)
[LOG] PlaybackSystem::acquireMasterBus         : Setting master channel group format to 6
[LOG] SystemI::createSoundInternal             : Create name='', mode=0x02000202
[LOG] SystemI::createSoundInternal             : exinfo->cbsize             = 224
[LOG] SystemI::createSoundInternal             : exinfo->length             = 5691040
[LOG] SystemI::createSoundInternal             : exinfo->fileoffset         = 41792
[LOG] SystemI::createSoundInternal             : exinfo->numsubsounds       = 1
[LOG] SystemI::createSoundInternal             : exinfo->inclusionlist      = 00000023CB45F30C
[LOG] SystemI::createSoundInternal             : exinfo->inclusionlistnum   = 1
[LOG] SystemI::createSoundInternal             : exinfo->suggestedsoundtype = 5
[LOG] SystemI::createSoundInternal             : exinfo->useropen           = 00007FF8B53180A0
[LOG] SystemI::createSoundInternal             : exinfo->userclose          = 00007FF8B5318070
[LOG] SystemI::createSoundInternal             : exinfo->userread           = 00007FF8B5318170
[LOG] SystemI::createSoundInternal             : exinfo->userseek           = 00007FF8B5318230
[LOG] SystemI::createSoundInternal             : exinfo->fileuserdata       = 000001A31F508EE8
[LOG] SystemI::createSoundInternal             : exinfo->initialseekpostype = 1
[LOG] SystemI::DSPCodecPoolRegister            : register codec pool for pool type 5
[LOG] SystemI::createSoundInternal             : Sample 0/1: name='squirrel_climb3', format=2, channels=2, frequency=48000, lengthbytes=2272, lengthpcm=11555, pcmblocksize=0, loopstart=0, loopend=0, mode=0x00000000, channelmask=0x00000000, channelorder=0, peakvolume=0.108159.
[LOG] SystemI::createSoundInternal             : Create name='', mode=0x02000202
[LOG] SystemI::createSoundInternal             : exinfo->cbsize             = 224
[LOG] SystemI::createSoundInternal             : exinfo->length             = 5691040
[LOG] SystemI::createSoundInternal             : exinfo->fileoffset         = 41792
[LOG] SystemI::createSoundInternal             : exinfo->numsubsounds       = 1
[LOG] SystemI::createSoundInternal             : exinfo->inclusionlist      = 00000023CB45F30C
[LOG] SystemI::createSoundInternal             : exinfo->inclusionlistnum   = 1
[LOG] SystemI::createSoundInternal             : exinfo->suggestedsoundtype = 5
[LOG] SystemI::createSoundInternal             : exinfo->useropen           = 00007FF8B53180A0
[LOG] SystemI::createSoundInternal             : exinfo->userclose          = 00007FF8B5318070
[LOG] SystemI::createSoundInternal             : exinfo->userread           = 00007FF8B5318170
[LOG] SystemI::createSoundInternal             : exinfo->userseek           = 00007FF8B5318230
[LOG] SystemI::createSoundInternal             : exinfo->fileuserdata       = 000001A31F508EE8
[LOG] SystemI::createSoundInternal             : exinfo->initialseekpostype = 1
[LOG] SystemI::DSPCodecPoolRegister            : register codec pool for pool type 5
[LOG] SystemI::createSoundInternal             : Sample 0/1: name='squirrel_climb2', format=2, channels=2, frequency=48000, lengthbytes=2208, lengthpcm=10274, pcmblocksize=0, loopstart=0, loopend=0, mode=0x00000000, channelmask=0x00000000, channelorder=0, peakvolume=0.100252.
[LOG] SystemI::createSoundInternal             : Create name='', mode=0x02000202
[LOG] SystemI::createSoundInternal             : exinfo->cbsize             = 224
[LOG] SystemI::createSoundInternal             : exinfo->length             = 5691040
[LOG] SystemI::createSoundInternal             : exinfo->fileoffset         = 41792
[LOG] SystemI::createSoundInternal             : exinfo->numsubsounds       = 1
[LOG] SystemI::createSoundInternal             : exinfo->inclusionlist      = 00000023CB45F30C
[LOG] SystemI::createSoundInternal             : exinfo->inclusionlistnum   = 1
[LOG] SystemI::createSoundInternal             : exinfo->suggestedsoundtype = 5
[LOG] SystemI::createSoundInternal             : exinfo->useropen           = 00007FF8B53180A0
[LOG] SystemI::createSoundInternal             : exinfo->userclose          = 00007FF8B5318070
[LOG] SystemI::createSoundInternal             : exinfo->userread           = 00007FF8B5318170
[LOG] SystemI::createSoundInternal             : exinfo->userseek           = 00007FF8B5318230
[LOG] SystemI::createSoundInternal             : exinfo->fileuserdata       = 000001A31F508EE8
[LOG] SystemI::createSoundInternal             : exinfo->initialseekpostype = 1
[LOG] SystemI::DSPCodecPoolRegister            : register codec pool for pool type 5
[LOG] SystemI::createSoundInternal             : Sample 0/1: name='squirrel_climb1', format=2, channels=2, frequency=48000, lengthbytes=2976, lengthpcm=11662, pcmblocksize=0, loopstart=0, loopend=0, mode=0x00000000, channelmask=0x00000000, channelorder=0, peakvolume=0.074839.
[LOG] SystemI::createSoundInternal             : Create name='', mode=0x02000202
[LOG] SystemI::createSoundInternal             : exinfo->cbsize             = 224
[LOG] SystemI::createSoundInternal             : exinfo->length             = 5691040
[LOG] SystemI::createSoundInternal             : exinfo->fileoffset         = 41792
[LOG] SystemI::createSoundInternal             : exinfo->numsubsounds       = 1
[LOG] SystemI::createSoundInternal             : exinfo->inclusionlist      = 00000023CB45F30C
[LOG] SystemI::createSoundInternal             : exinfo->inclusionlistnum   = 1
[LOG] SystemI::createSoundInternal             : exinfo->suggestedsoundtype = 5
[LOG] SystemI::createSoundInternal             : exinfo->useropen           = 00007FF8B53180A0
[LOG] SystemI::createSoundInternal             : exinfo->userclose          = 00007FF8B5318070
[LOG] SystemI::createSoundInternal             : exinfo->userread           = 00007FF8B5318170
[LOG] SystemI::createSoundInternal             : exinfo->userseek           = 00007FF8B5318230
[LOG] SystemI::createSoundInternal             : exinfo->fileuserdata       = 000001A31F508EE8
[LOG] SystemI::createSoundInternal             : exinfo->initialseekpostype = 1
[LOG] SystemI::DSPCodecPoolRegister            : register codec pool for pool type 5
[LOG] SystemI::createSoundInternal             : Sample 0/1: name='squirrel_climb4', format=2, channels=2, frequency=48000, lengthbytes=2144, lengthpcm=9519, pcmblocksize=0, loopstart=0, loopend=0, mode=0x00000000, channelmask=0x00000000, channelorder=0, peakvolume=0.056909.
[LOG] SoundI::release                          :  (000001A2B73B9438)
[LOG] SoundI::release                          :     squirrel_climb1 (000001A2BAE1CDB8)
[LOG] SoundI::release                          :  (000001A2B73B9B68)
[LOG] SoundI::release                          :     squirrel_climb2 (000001A2BAE1DAB8)
[LOG] SoundI::release                          :  (000001A2B73B8E78)
[LOG] SoundI::release                          :     squirrel_climb3 (000001A2BAE1B218)
[LOG] SoundI::release                          :  (000001A2B73B9CD8)
[LOG] SoundI::release                          :     squirrel_climb4 (000001A2BAE19B58)
[LOG] Manager::readBank                        : fileversion = 123, compatVersion = 119 (oldest = 44, newest = 123)
[LOG] PlaybackSystem::acquireMasterBus         : Setting master channel group format to 6
[LOG] SystemI::createSoundInternal             : Create name='', mode=0x02000202
[LOG] SystemI::createSoundInternal             : exinfo->cbsize             = 224
[LOG] SystemI::createSoundInternal             : exinfo->length             = 5691040
[LOG] SystemI::createSoundInternal             : exinfo->fileoffset         = 41792
[LOG] SystemI::createSoundInternal             : exinfo->numsubsounds       = 1
[LOG] SystemI::createSoundInternal             : exinfo->inclusionlist      = 00000023CB45F30C
[LOG] SystemI::createSoundInternal             : exinfo->inclusionlistnum   = 1
[LOG] SystemI::createSoundInternal             : exinfo->suggestedsoundtype = 5
[LOG] SystemI::createSoundInternal             : exinfo->useropen           = 00007FF8B53180A0
[LOG] SystemI::createSoundInternal             : exinfo->userclose          = 00007FF8B5318070
[LOG] SystemI::createSoundInternal             : exinfo->userread           = 00007FF8B5318170
[LOG] SystemI::createSoundInternal             : exinfo->userseek           = 00007FF8B5318230
[LOG] SystemI::createSoundInternal             : exinfo->fileuserdata       = 000001A31F509B48
[LOG] SystemI::createSoundInternal             : exinfo->initialseekpostype = 1
[LOG] SystemI::DSPCodecPoolRegister            : register codec pool for pool type 5
[LOG] SystemI::createSoundInternal             : Sample 0/1: name='squirrel_climb3', format=2, channels=2, frequency=48000, lengthbytes=2272, lengthpcm=11555, pcmblocksize=0, loopstart=0, loopend=0, mode=0x00000000, channelmask=0x00000000, channelorder=0, peakvolume=0.108159.
[LOG] SystemI::createSoundInternal             : Create name='', mode=0x02000202
[LOG] SystemI::createSoundInternal             : exinfo->cbsize             = 224
[LOG] SystemI::createSoundInternal             : exinfo->length             = 5691040
[LOG] SystemI::createSoundInternal             : exinfo->fileoffset         = 41792
[LOG] SystemI::createSoundInternal             : exinfo->numsubsounds       = 1
[LOG] SystemI::createSoundInternal             : exinfo->inclusionlist      = 00000023CB45F30C
[LOG] SystemI::createSoundInternal             : exinfo->inclusionlistnum   = 1
[LOG] SystemI::createSoundInternal             : exinfo->suggestedsoundtype = 5
[LOG] SystemI::createSoundInternal             : exinfo->useropen           = 00007FF8B53180A0
[LOG] SystemI::createSoundInternal             : exinfo->userclose          = 00007FF8B5318070
[LOG] SystemI::createSoundInternal             : exinfo->userread           = 00007FF8B5318170
[LOG] SystemI::createSoundInternal             : exinfo->userseek           = 00007FF8B5318230
[LOG] SystemI::createSoundInternal             : exinfo->fileuserdata       = 000001A31F509B48
[LOG] SystemI::createSoundInternal             : exinfo->initialseekpostype = 1
[LOG] SystemI::DSPCodecPoolRegister            : register codec pool for pool type 5
[LOG] SystemI::createSoundInternal             : Sample 0/1: name='squirrel_climb2', format=2, channels=2, frequency=48000, lengthbytes=2208, lengthpcm=10274, pcmblocksize=0, loopstart=0, loopend=0, mode=0x00000000, channelmask=0x00000000, channelorder=0, peakvolume=0.100252.
[LOG] SystemI::createSoundInternal             : Create name='', mode=0x02000202
[LOG] SystemI::createSoundInternal             : exinfo->cbsize             = 224
[LOG] SystemI::createSoundInternal             : exinfo->length             = 5691040
[LOG] SystemI::createSoundInternal             : exinfo->fileoffset         = 41792
[LOG] SystemI::createSoundInternal             : exinfo->numsubsounds       = 1
[LOG] SystemI::createSoundInternal             : exinfo->inclusionlist      = 00000023CB45F30C
[LOG] SystemI::createSoundInternal             : exinfo->inclusionlistnum   = 1
[LOG] SystemI::createSoundInternal             : exinfo->suggestedsoundtype = 5
[LOG] SystemI::createSoundInternal             : exinfo->useropen           = 00007FF8B53180A0
[LOG] SystemI::createSoundInternal             : exinfo->userclose          = 00007FF8B5318070
[LOG] SystemI::createSoundInternal             : exinfo->userread           = 00007FF8B5318170
[LOG] SystemI::createSoundInternal             : exinfo->userseek           = 00007FF8B5318230
[LOG] SystemI::createSoundInternal             : exinfo->fileuserdata       = 000001A31F509B48
[LOG] SystemI::createSoundInternal             : exinfo->initialseekpostype = 1
[LOG] SystemI::DSPCodecPoolRegister            : register codec pool for pool type 5
[LOG] SystemI::createSoundInternal             : Sample 0/1: name='squirrel_climb1', format=2, channels=2, frequency=48000, lengthbytes=2976, lengthpcm=11662, pcmblocksize=0, loopstart=0, loopend=0, mode=0x00000000, channelmask=0x00000000, channelorder=0, peakvolume=0.074839.
[LOG] SystemI::createSoundInternal             : Create name='', mode=0x02000202
[LOG] SystemI::createSoundInternal             : exinfo->cbsize             = 224
[LOG] SystemI::createSoundInternal             : exinfo->length             = 5691040
[LOG] SystemI::createSoundInternal             : exinfo->fileoffset         = 41792
[LOG] SystemI::createSoundInternal             : exinfo->numsubsounds       = 1
[LOG] SystemI::createSoundInternal             : exinfo->inclusionlist      = 00000023CB45F30C
[LOG] SystemI::createSoundInternal             : exinfo->inclusionlistnum   = 1
[LOG] SystemI::createSoundInternal             : exinfo->suggestedsoundtype = 5
[LOG] SystemI::createSoundInternal             : exinfo->useropen           = 00007FF8B53180A0
[LOG] SystemI::createSoundInternal             : exinfo->userclose          = 00007FF8B5318070
[LOG] SystemI::createSoundInternal             : exinfo->userread           = 00007FF8B5318170
[LOG] SystemI::createSoundInternal             : exinfo->userseek           = 00007FF8B5318230
[LOG] SystemI::createSoundInternal             : exinfo->fileuserdata       = 000001A31F509B48
[LOG] SystemI::createSoundInternal             : exinfo->initialseekpostype = 1
[LOG] SystemI::DSPCodecPoolRegister            : register codec pool for pool type 5
[LOG] SystemI::createSoundInternal             : Sample 0/1: name='squirrel_climb4', format=2, channels=2, frequency=48000, lengthbytes=2144, lengthpcm=9519, pcmblocksize=0, loopstart=0, loopend=0, mode=0x00000000, channelmask=0x00000000, channelorder=0, peakvolume=0.056909.
[LOG] SoundI::release                          :  (000001A2B73B9438)
[LOG] SoundI::release                          :     squirrel_climb1 (000001A2BAE1D778)
[LOG] SoundI::release                          :  (000001A2B73B9B68)
[LOG] SoundI::release                          :     squirrel_climb2 (000001A2BAE19B58)
[LOG] SoundI::release                          :  (000001A2B73B8E78)
[LOG] SoundI::release                          :     squirrel_climb3 (000001A2BAE19198)
[LOG] SoundI::release                          :  (000001A2B73BB828)
[LOG] SoundI::release                          :     squirrel_climb4 (000001A2BAE19E98)
[LOG] Manager::readBank                        : fileversion = 123, compatVersion = 119 (oldest = 44, newest = 123)
[LOG] PlaybackSystem::acquireMasterBus         : Setting master channel group format to 6
[LOG] SystemI::createSoundInternal             : Create name='', mode=0x02000202
[LOG] SystemI::createSoundInternal             : exinfo->cbsize             = 224
[LOG] SystemI::createSoundInternal             : exinfo->length             = 5691040
[LOG] SystemI::createSoundInternal             : exinfo->fileoffset         = 41792
[LOG] SystemI::createSoundInternal             : exinfo->numsubsounds       = 1
[LOG] SystemI::createSoundInternal             : exinfo->inclusionlist      = 00000023CB45F30C
[LOG] SystemI::createSoundInternal             : exinfo->inclusionlistnum   = 1
[LOG] SystemI::createSoundInternal             : exinfo->suggestedsoundtype = 5
[LOG] SystemI::createSoundInternal             : exinfo->useropen           = 00007FF8B53180A0
[LOG] SystemI::createSoundInternal             : exinfo->userclose          = 00007FF8B5318070
[LOG] SystemI::createSoundInternal             : exinfo->userread           = 00007FF8B5318170
[LOG] SystemI::createSoundInternal             : exinfo->userseek           = 00007FF8B5318230
[LOG] SystemI::createSoundInternal             : exinfo->fileuserdata       = 000001A31F5090F8
[LOG] SystemI::createSoundInternal             : exinfo->initialseekpostype = 1
[LOG] SystemI::DSPCodecPoolRegister            : register codec pool for pool type 5
[LOG] SystemI::createSoundInternal             : Sample 0/1: name='squirrel_climb3', format=2, channels=2, frequency=48000, lengthbytes=2272, lengthpcm=11555, pcmblocksize=0, loopstart=0, loopend=0, mode=0x00000000, channelmask=0x00000000, channelorder=0, peakvolume=0.108159.
[LOG] SystemI::createSoundInternal             : Create name='', mode=0x02000202
[LOG] SystemI::createSoundInternal             : exinfo->cbsize             = 224
[LOG] SystemI::createSoundInternal             : exinfo->length             = 5691040
[LOG] SystemI::createSoundInternal             : exinfo->fileoffset         = 41792
[LOG] SystemI::createSoundInternal             : exinfo->numsubsounds       = 1
[LOG] SystemI::createSoundInternal             : exinfo->inclusionlist      = 00000023CB45F30C
[LOG] SystemI::createSoundInternal             : exinfo->inclusionlistnum   = 1
[LOG] SystemI::createSoundInternal             : exinfo->suggestedsoundtype = 5
[LOG] SystemI::createSoundInternal             : exinfo->useropen           = 00007FF8B53180A0
[LOG] SystemI::createSoundInternal             : exinfo->userclose          = 00007FF8B5318070
[LOG] SystemI::createSoundInternal             : exinfo->userread           = 00007FF8B5318170
[LOG] SystemI::createSoundInternal             : exinfo->userseek           = 00007FF8B5318230
[LOG] SystemI::createSoundInternal             : exinfo->fileuserdata       = 000001A31F5090F8
[LOG] SystemI::createSoundInternal             : exinfo->initialseekpostype = 1
[LOG] SystemI::DSPCodecPoolRegister            : register codec pool for pool type 5
[LOG] SystemI::createSoundInternal             : Sample 0/1: name='squirrel_climb2', format=2, channels=2, frequency=48000, lengthbytes=2208, lengthpcm=10274, pcmblocksize=0, loopstart=0, loopend=0, mode=0x00000000, channelmask=0x00000000, channelorder=0, peakvolume=0.100252.
[LOG] SystemI::createSoundInternal             : Create name='', mode=0x02000202
[LOG] SystemI::createSoundInternal             : exinfo->cbsize             = 224
[LOG] SystemI::createSoundInternal             : exinfo->length             = 5691040
[LOG] SystemI::createSoundInternal             : exinfo->fileoffset         = 41792
[LOG] SystemI::createSoundInternal             : exinfo->numsubsounds       = 1
[LOG] SystemI::createSoundInternal             : exinfo->inclusionlist      = 00000023CB45F30C
[LOG] SystemI::createSoundInternal             : exinfo->inclusionlistnum   = 1
[LOG] SystemI::createSoundInternal             : exinfo->suggestedsoundtype = 5
[LOG] SystemI::createSoundInternal             : exinfo->useropen           = 00007FF8B53180A0
[LOG] SystemI::createSoundInternal             : exinfo->userclose          = 00007FF8B5318070
[LOG] SystemI::createSoundInternal             : exinfo->userread           = 00007FF8B5318170
[LOG] SystemI::createSoundInternal             : exinfo->userseek           = 00007FF8B5318230
[LOG] SystemI::createSoundInternal             : exinfo->fileuserdata       = 000001A31F5090F8
[LOG] SystemI::createSoundInternal             : exinfo->initialseekpostype = 1
[LOG] SystemI::DSPCodecPoolRegister            : register codec pool for pool type 5
[LOG] SystemI::createSoundInternal             : Sample 0/1: name='squirrel_climb1', format=2, channels=2, frequency=48000, lengthbytes=2976, lengthpcm=11662, pcmblocksize=0, loopstart=0, loopend=0, mode=0x00000000, channelmask=0x00000000, channelorder=0, peakvolume=0.074839.
[LOG] SystemI::createSoundInternal             : Create name='', mode=0x02000202
[LOG] SystemI::createSoundInternal             : exinfo->cbsize             = 224
[LOG] SystemI::createSoundInternal             : exinfo->length             = 5691040
[LOG] SystemI::createSoundInternal             : exinfo->fileoffset         = 41792
[LOG] SystemI::createSoundInternal             : exinfo->numsubsounds       = 1
[LOG] SystemI::createSoundInternal             : exinfo->inclusionlist      = 00000023CB45F30C
[LOG] SystemI::createSoundInternal             : exinfo->inclusionlistnum   = 1
[LOG] SystemI::createSoundInternal             : exinfo->suggestedsoundtype = 5
[LOG] SystemI::createSoundInternal             : exinfo->useropen           = 00007FF8B53180A0
[LOG] SystemI::createSoundInternal             : exinfo->userclose          = 00007FF8B5318070
[LOG] SystemI::createSoundInternal             : exinfo->userread           = 00007FF8B5318170
[LOG] SystemI::createSoundInternal             : exinfo->userseek           = 00007FF8B5318230
[LOG] SystemI::createSoundInternal             : exinfo->fileuserdata       = 000001A31F5090F8
[LOG] SystemI::createSoundInternal             : exinfo->initialseekpostype = 1
[LOG] SystemI::DSPCodecPoolRegister            : register codec pool for pool type 5
[LOG] SystemI::createSoundInternal             : Sample 0/1: name='squirrel_climb4', format=2, channels=2, frequency=48000, lengthbytes=2144, lengthpcm=9519, pcmblocksize=0, loopstart=0, loopend=0, mode=0x00000000, channelmask=0x00000000, channelorder=0, peakvolume=0.056909.
[LOG] SoundI::release                          :  (000001A2B73B85D8)
[LOG] SoundI::release                          :     squirrel_climb1 (000001A2BAE19198)
[LOG] SoundI::release                          :  (000001A2B73BB828)
[LOG] SoundI::release                          :     squirrel_climb2 (000001A2BAE1AB98)
[LOG] SoundI::release                          :  (000001A2B73B9B68)
[LOG] SoundI::release                          :     squirrel_climb3 (000001A2BAE1B218)
[LOG] SoundI::release                          :  (000001A2B73B8E78)
[LOG] SoundI::release                          :     squirrel_climb4 (000001A2BAE17938)
[LOG] Thread::callback                         : FMOD Studio bank load thread finished.
[LOG] Thread::callback                         : FMOD Studio sample load thread finished.
[LOG] LiveUpdate::release                      : 
[LOG] LiveUpdate::reset                        : Reset connection (reason Disconnected)
[LOG] Thread::callback                         : FMOD stream thread finished.
[LOG] Thread::callback                         : FMOD mixer thread finished.
[LOG] SystemI::close                           : Closed.
